1591897434293	mozrunner::runner	INFO	Running command: "C:\\Program Files\\Mozilla Firefox\\firefox.exe" "-marionette" "-foreground" "-no-remote" "-profile" "C:\\Users\\lucas\\AppData\\Local\\Temp\\rust_mozprofilerSyRw7"
JavaScript error: resource://gre/modules/XULStore.jsm, line 66: Error: Can't find profile directory.
1591897442955	Marionette	INFO	Listening on port 61247
1591897443266	Marionette	WARN	TLS certificate errors will be ignored for this session
1591897464063	Marionette	INFO	Stopped listening on port 61247
JavaScript error: https://static.adsafeprotected.com/main.gr.19.8.86.js, line 132: NS_ERROR_NOT_INITIALIZED: 
JavaScript error: https://static.adsafeprotected.com/main.gr.19.8.86.js, line 132: NS_ERROR_NOT_INITIALIZED: 
[Child 11780, Chrome_ChildThread] WARNING: pipe error: 232: file /builds/worker/checkouts/gecko/ipc/chromium/src/chrome/common/ipc_channel_win.cc, line 522

###!!! [Child][RunMessage] Error: Channel closing: too late to send/recv, messages will be lost


###!!! [Child][MessageChannel::SendAndWait] Error: Channel error: cannot send/recv

1591898600877	mozrunner::runner	INFO	Running command: "C:\\Program Files\\Mozilla Firefox\\firefox.exe" "-marionette" "-foreground" "-no-remote" "-profile" "C:\\Users\\lucas\\AppData\\Local\\Temp\\rust_mozprofilefUrvIs"
JavaScript error: resource://gre/modules/XULStore.jsm, line 66: Error: Can't find profile directory.

###!!! [Child][MessageChannel] Error: (msgtype=0x380133,name=PContent::Msg_AsyncMessage) Channel closing: too late to send/recv, messages will be lost

1591898605999	Marionette	INFO	Listening on port 61847
1591898606150	Marionette	WARN	TLS certificate errors will be ignored for this session
1591898682060	Marionette	INFO	Stopped listening on port 61847

###!!! [Child][RunMessage] Error: Channel closing: too late to send/recv, messages will be lost


###!!! [Child][MessageChannel::SendAndWait] Error: Channel error: cannot send/recv

1591898708152	mozrunner::runner	INFO	Running command: "C:\\Program Files\\Mozilla Firefox\\firefox.exe" "-marionette" "-foreground" "-no-remote" "-profile" "C:\\Users\\lucas\\AppData\\Local\\Temp\\rust_mozprofileBzZVDL"
JavaScript error: resource://gre/modules/XULStore.jsm, line 66: Error: Can't find profile directory.
1591898712287	Marionette	INFO	Listening on port 62098
1591898712346	Marionette	WARN	TLS certificate errors will be ignored for this session
1591898742326	Marionette	WARN	TimedPromise timed out after 500 ms: stacktrace:
TimedPromise/<@chrome://marionette/content/sync.js:245:13
TimedPromise@chrome://marionette/content/sync.js:230:10
interaction.flushEventLoop@chrome://marionette/content/interaction.js:416:10
webdriverClickElement@chrome://marionette/content/interaction.js:182:31
1591898747131	Marionette	INFO	Stopped listening on port 62098

###!!! [Child][RunMessage] Error: Channel closing: too late to send/recv, messages will be lost


###!!! [Child][MessageChannel::SendAndWait] Error: Channel error: cannot send/recv

1591899154168	mozrunner::runner	INFO	Running command: "C:\\Program Files\\Mozilla Firefox\\firefox.exe" "-marionette" "-foreground" "-no-remote" "-profile" "C:\\Users\\lucas\\AppData\\Local\\Temp\\rust_mozprofile0xsAgA"
JavaScript error: resource://gre/modules/XULStore.jsm, line 66: Error: Can't find profile directory.
1591899159957	Marionette	INFO	Listening on port 62381
1591899160428	Marionette	WARN	TLS certificate errors will be ignored for this session
1591899182583	Marionette	WARN	TimedPromise timed out after 500 ms: stacktrace:
TimedPromise/<@chrome://marionette/content/sync.js:245:13
TimedPromise@chrome://marionette/content/sync.js:230:10
interaction.flushEventLoop@chrome://marionette/content/interaction.js:416:10
webdriverClickElement@chrome://marionette/content/interaction.js:182:31
1591899187910	Marionette	INFO	Stopped listening on port 62381

###!!! [Child][RunMessage] Error: Channel closing: too late to send/recv, messages will be lost


###!!! [Child][MessageChannel::SendAndWait] Error: Channel error: cannot send/recv

1591900485162	mozrunner::runner	INFO	Running command: "C:\\Program Files\\Mozilla Firefox\\firefox.exe" "-marionette" "-foreground" "-no-remote" "-profile" "C:\\Users\\lucas\\AppData\\Local\\Temp\\rust_mozprofile1WcvBp"
JavaScript error: resource://gre/modules/XULStore.jsm, line 66: Error: Can't find profile directory.
1591900493984	Marionette	INFO	Listening on port 63505
1591900494139	Marionette	WARN	TLS certificate errors will be ignored for this session
JavaScript error: resource://gre/modules/NetworkGeolocationProvider.jsm, line 555: TypeError: xhr.response.location is undefined
1591900513943	Marionette	INFO	Stopped listening on port 63505

###!!! [Child][RunMessage] Error: Channel closing: too late to send/recv, messages will be lost


###!!! [Child][MessageChannel::SendAndWait] Error: Channel error: cannot send/recv

1591900585142	mozrunner::runner	INFO	Running command: "C:\\Program Files\\Mozilla Firefox\\firefox.exe" "-marionette" "-foreground" "-no-remote" "-profile" "C:\\Users\\lucas\\AppData\\Local\\Temp\\rust_mozprofileuiqGQD"
JavaScript error: resource://gre/modules/XULStore.jsm, line 66: Error: Can't find profile directory.
1591900590053	Marionette	INFO	Listening on port 63619
1591900590380	Marionette	WARN	TLS certificate errors will be ignored for this session
1591900600539	Marionette	INFO	Stopped listening on port 63619
JavaScript error: resource://gre/modules/UrlClassifierListManager.jsm, line 691: TypeError: this.tablesData[table] is undefined

###!!! [Child][RunMessage] Error: Channel closing: too late to send/recv, messages will be lost


###!!! [Child][MessageChannel::SendAndWait] Error: Channel error: cannot send/recv

1591902634460	mozrunner::runner	INFO	Running command: "C:\\Program Files\\Mozilla Firefox\\firefox.exe" "-marionette" "-foreground" "-no-remote" "-profile" "C:\\Users\\lucas\\AppData\\Local\\Temp\\rust_mozprofileGLisME"
JavaScript error: resource://gre/modules/XULStore.jsm, line 66: Error: Can't find profile directory.
1591902639313	Marionette	INFO	Listening on port 63965
1591902639695	Marionette	WARN	TLS certificate errors will be ignored for this session
[Parent 3996, Gecko_IOThread] WARNING: pipe error: 232: file /builds/worker/checkouts/gecko/ipc/chromium/src/chrome/common/ipc_channel_win.cc, line 522
JavaScript error: resource:///modules/sessionstore/SessionStore.jsm, line 2226: TypeError: subject.QueryInterface is not a function
A content process crashed and MOZ_CRASHREPORTER_SHUTDOWN is set, shutting down
1591903680189	Marionette	INFO	Stopped listening on port 63965

###!!! [Child][RunMessage] Error: Channel closing: too late to send/recv, messages will be lost


###!!! [Child][MessageChannel::SendAndWait] Error: Channel error: cannot send/recv

JavaScript error: resource:///modules/sessionstore/SessionStore.jsm, line 5267:1591903682224	Marionette	INFO	Stopped listening on port 64075

###!!! [Child][RunMessage] Error: Channel closing: too late to send/recv, messages will be lost

ette	WARN	TLS certificate errors will be ignored for this session
1591902855858	Marionette	INFO	Stopped listening on port 64189
IPDL protocol error: Handler returned error code!

###!!! [Parent][DispatchAsyncMessage] Error: PLayerTransaction::Msg_ReleaseLayer Processing error: message was deserialized, but the handler returned false (indicating failure)


###!!! [Child][RunMessage] Error: Channel closing: too late to send/recv, messages will be lost


###!!! [Child][MessageChannel::SendAndWait] Error: Channel error: cannot send/recv

1591903012287	mozrunner::runner	INFO	Running command: "C:\\Program Files\\Mozilla Firefox\\firefox.exe" "-marionette" "-foreground" "-no-remote" "-profile" "C:\\Users\\lucas\\AppData\\Local\\Temp\\rust_mozprofileJNVluR"
JavaScript error: resource://gre/modules/XULStore.jsm, line 66: Error: Can't find profile directory.
1591903021076	Marionette	INFO	Listening on port 64322
1591903021229	Marionette	WARN	TLS certificate errors will be ignored for this session
1591903051563	Marionette	INFO	Stopped listening on port 64322

###!!! [Child][RunMessage] Error: Channel closing: too late to send/recv, messages will be lost


###!!! [Child][MessageChannel::SendAndWait] Error: Channel error: cannot send/recv

1591903113188	mozrunner::runner	INFO	Running command: "C:\\Program Files\\Mozilla Firefox\\firefox.exe" "-marionette" "-foreground" "-no-remote" "-profile" "C:\\Users\\lucas\\AppData\\Local\\Temp\\rust_mozprofilegXGQmx"
JavaScript error: resource://gre/modules/XULStore.jsm, line 66: Error: Can't find profile directory.
1591903122822	Marionette	INFO	Listening on port 64449
1591903123137	Marionette	WARN	TLS certificate errors will be ignored for this session
IPDL protocol error: Handler returned error code!

###!!! [Parent][DispatchAsyncMessage] Error: PLayerTransaction::Msg_ReleaseLayer Processing error: message was deserialized, but the handler returned false (indicating failure)

WARNING: At least one completion condition is taking too long to complete. Conditions: [{"name":"RemoteSettingsClient - finish IDB access.","state":["importBulk() in security-state/intermediates"],"filename":"resource://services-settings/Database.jsm","lineNumber":544,"stack":["resource://services-settings/Database.jsm:ensureShutdownBlocker:544","resource://services-settings/Database.jsm:Database:26","resource://services-settings/RemoteSettingsClient.jsm:RemoteSettingsClient/<:261","resource://gre/modules/XPCOMUtils.jsm:get:129","resource://services-settings/Utils.jsm:hasLocalData:98","resource://services-settings/RemoteSettingsClient.jsm:get:328","resource://gre/modules/URLDecorationAnnotationsService.jsm:ensureUpdated:67","resource://gre/modules/URLDecorationAnnotationsService.jsm:observe:47"]}] Barrier: profile-before-change
console.error: (new Error("SessionFile is closed", "resource:///modules/sessionstore/SessionFile.jsm", 433))
console.error: services.settings: 
  Message: Error: IndexedDB: security-state/intermediates saveLastModified() IndexedDB:  execute() The application is shutting down
  Stack:
    IndexedDBError@resource://services-settings/IDBHelpers.jsm:22:15
ShutdownError@resource://services-settings/IDBHelpers.jsm:32:5
executeIDB@resource://services-settings/Database.jsm:376:13
saveLastModified@resource://services-settings/Database.jsm:148:13
_importChanges@resource://services-settings/RemoteSettingsClient.jsm:839:19
observe@resource://gre/modules/AsyncShutdown.jsm:554:16

1591903694800	Marionette	INFO	Stopped listening on port 64449

###!!! [Child][RunMessage] Error: Channel closing: too late to send/recv, messages will be lost


###!!! [Child][MessageChannel::SendAndWait] Error: Channel error: cannot send/recv

66
1591903441816	Marionette	INFO	Listening on port 64831
1591903442376	Marionette	WARN	TLS certificate errors will be ignored for this session
1591903680667	Marionette	INFO	Stopped listening on port 64831

###!!! [Child][RunMessage] Error: Channel closing: too late to send/recv, messages will be lost


###!!! [Child][MessageChannel::SendAndWait] Error: Channel error: cannot send/recv

/modules/XULStore.jsm, line 66: Error: Can't find profile directory.
console.error: "Could not write session state file " (new Error("_initWorker called too early! Please read the session file from disk first.", "resource:///modules/sessionstore/SessionFile.jsm", 375)) "_initWorker/<@resource:///modules/sessionstore/SessionFile.jsm:375:15\n_initWorker@resource:///modules/sessionstore/SessionFile.jsm:368:12\n_postToWorker@resource:///modules/sessionstore/SessionFile.jsm:410:16\nwrite@resource:///modules/sessionstore/SessionFile.jsm:448:24\nwrite@resource:///modules/sessionstore/SessionFile.jsm:75:32\n_writeState@resource:///modules/sessionstore/SessionSaver.jsm:360:24\n_saveState@resource:///modules/sessionstore/SessionSaver.jsm:294:17\n_saveStateAsync@resource:///modules/sessionstore/SessionSaver.jsm:344:10\nsaveStateAsyncWhenIdle@resource:///modules/sessionstore/SessionSaver.jsm:191:14\ncallback@resource://gre/modules/Timer.jsm:127:16\n"
1591903678081	Marionette	INFO	Listening on port 64985
1591903678733	Marionette	WARN	TLS certificate errors will be ignored for this session
JavaScript error: resource://gre/modules/NetworkGeolocationProvider.jsm, line 555: TypeError: xhr.response.location is undefined
JavaScript error: chrome://marionette/content/proxy.js, line 222: TypeError: this.browser.driver.dialogObserver is null
JavaScript error: chrome://marionette/content/proxy.js, line 222: TypeError: this.browser.driver.dialogObserver is null
1591903794397	Marionette	INFO	Stopped listening on port 64985

###!!! [Child][MessageChannel::SendAndWait] Error: Channel error: cannot send/recv

m, line 66: Error: Can't find profile directory.
1591903750314	Marionette	INFO	Listening on port 65132
1591903750696	Marionette	WARN	TLS certificate errors will be ignored for this session
1591903800522	Marionette	INFO	Stopped listening on port 65132

###!!! [Child][RunMessage] Error: Channel closing: too late to send/recv, messages will be lost


###!!! [Child][MessageChannel::SendAndWait] Error: ChaJavaScript error: resource://gre/modules/XULStore.jsm, line 66: Error: Can't find profile directory.
1591903804723	Marionette	INFO	Listening on port 65238
1591903805234	Marionette	WARN	TLS certificate errors will be ignored for this session
1591903839808	Marionette	INFO	Stopped listening on port 65238

###!!! [Child][RunMessage] Error: Channel closing: too late to send/recv, messages will be lost


###!!! [Child][MessageChannel::SendAndWait] Error: Channel error: cannot send/recv

1591903867660	mozrunner::runner	INFO	Running command: "C:\\Program Files\\Mozilla Firefox\\firefox.exe" "-marionette" "-foreground" "-no-remote" "-profile" "C:\\Users\\lucas\\AppData\\Local\\Temp\\rust_mozprofile7hTJC5"
JavaScript error: resource://gre/modules/XULStore.jsm, line 66: Error: Can't find profile directory.
1591903871613	Marionette	INFO	Listening on port 65350
1591903871840	Marionette	WARN	TLS certificate errors will be ignored for this session
1591904414068	Marionette	INFO	Stopped listening on port 65350

###!!! [Child][RunMessage] Error: Channel closing: too late to send/recv, messages will be lost


###!!! [Child][MessageChannel::SendAndWait] Error: Channel error: cannot send/recv

/modules/XULStore.jsm, line 66: Error: Can't find profile directory.
1591903943848	Marionette	INFO	Listening on port 65457
1591903944231	Marionette	WARN	TLS certificate errors will be ignored for this session
1591904023581	Marionette	INFO	Stopped listening on port 65457

###!!! [Child][RunMessage] Error: Channel closing: too late to send/recv, messages will be lost


###!!! [Child][MessageChannel::SendAndWait] Error: Channel error: cannot send/recv

1591904420041	mozrunner::runner	INFO	Running command: "C:\\Program Files\\Mozilla Firefox\\firefox.exe" "-marionette" "-foreground" "-no-remote" "-profile" "C:\\Users\\lucas\\AppData\\Local\\Temp\\rust_mozprofileovLwA9"
JavaScript error: resource://gre/modules/XULStore.jsm, line 66: Error: Can't find profile directory.
1591904424874	Marionette	INFO	Listening on port 49348
1591904425271	Marionette	WARN	TLS certificate errors will be ignored for this session
1591904445554	Marionette	INFO	Stopped listening on port 49348

###!!! [Child][RunMessage] Error: Channel closing: too late to send/recv, messages will be lost


###!!! [Child][MessageChannel::SendAndWait] Error: Channel error: cannot send/recv

1591904609945	mozrunner::runner	INFO	Running command: "C:\\Program Files\\Mozilla Firefox\\firefox.exe" "-marionette" "-foreground" "-no-remote" "-profile" "C:\\Users\\lucas\\AppData\\Local\\Temp\\rust_mozprofileFiO8JO"
JavaScript error: resource://gre/modules/XULStore.jsm, line 66: Error: Can't find profile directory.
1591904613765	Marionette	INFO	Listening on port 49478
1591904615118	Marionette	WARN	TLS certificate errors will be ignored for this session
JavaScript error: resource://gre/modules/IndexedDB.jsm, line 370: UnknownError: IDBDatabase.transaction: Can't start IndexedDB transaction during shutdown
1591904816093	Marionette	INFO	Stopped listening on port 49478

###!!! [Child][RunMessage] Error: Channel closing: too late to send/recv, messages will be lost


###!!! [Child][MessageChannel::SendAndWait] Error: Channel error: cannot send/recv

LS certificate errors will be ignored for this session
1591904810243	Marionette	INFO	Stopped listening on port 49594
JavaScript error: resource://activity-stream/lib/ActivityStreamPrefs.jsm, line 27: NS_ERROR_ILLEGAL_VALUE: Component returned failure code: 0x80070057 (NS_ERROR_ILLEGAL_VALUE) [nsIPrefBranch.removeObserver]
console.warn: services.settings: main/fxmonitor-breaches sync interrupted by shutdown
console.log: "RemoteSettingsWorker error: Error: Can't import when we've started shutting down."
JavaScript error: resource://gre/modules/Sqlite.jsm, line 921: Error: Connection is not open.
JavaScript error: resource://gre/modules/ExtensionSettingsStore.jsm, line 123: Error: The ExtensionSettingsStore was accessed before the initialize promise resolved.

###!!! [Child][RunMessage] Error: Channel closing: too late to send/recv, messages will be lost


###!!! [Child][MessageChannel::SendAndWait] Error: Channel error: cannot send/recv

1591904822652	mozrunner::runner	INFO	Running command: "C:\\Program Files\\Mozilla Firefox\\firefox.exe" "-marionette" "-foreground" "-no-remote" "-profile" "C:\\Users\\lucas\\AppData\\Local\\Temp\\rust_mozprofileop3EXa"
JavaScript error: resource://gre/modules/XULStore.jsm, line 66: Error: Can't find profile directory.
1591904827017	Marionette	INFO	Listening on port 49625
1591904827387	Marionette	WARN	TLS certificate errors will be ignored for this session
1591904827457	Marionette	INFO	Stopped listening on port 49625
JavaScript error: resource://activity-stream/lib/ActivityStreamPrefs.jsm, line 27: NS_ERROR_ILLEGAL_VALUE: Component returned failure code: 0x80070057 (NS_ERROR_ILLEGAL_VALUE) [nsIPrefBranch.removeObserver]
JavaScript error: resource://services-settings/RemoteSettingsClient.jsm, line 115: Error: Unknown callback
console.log: "RemoteSettingsWorker error: Error: Can't import when we've started shutting down."
JavaScript error: resource://gre/modules/ExtensionSettingsStore.jsm, line 123: Error: The ExtensionSettingsStore was accessed before the initialize promise resolved.
JavaScript error: resource://gre/modules/Sqlite.jsm, line 921: Error: Connection is not open.

###!!! [Child][RunMessage] Error: Channel closing: too late to send/recv, messages will be lost


###!!! [Child][MessageChannel::SendAndWait] Error: Channel error: cannot send/recv

1591904839030	mozrunner::runner	INFO	Running command: "C:\\Program Files\\Mozilla Firefox\\firefox.exe" "-marionette" "-foreground" "-no-remote" "-profile" "C:\\Users\\lucas\\AppData\\Local\\Temp\\rust_mozprofileDFlaW7"
JavaScript error: resource://gre/modules/XULStore.jsm, line 66: Error: Can't find profile directory.
1591904844703	Marionette	INFO	Listening on port 49670
1591904844761	Marionette	WARN	TLS certificate errors will be ignored for this session
1591904844812	Marionette	INFO	Stopped listening on port 49670

###!!! [Child][RunMessage] Error: Channel closing: too late to send/recv, messages will be lost


###!!! [Child][MessageChannel::SendAndWait] Error: Channel error: cannot send/recv

1591904863189	mozrunner::runner	INFO	Running command: "C:\\Program Files\\Mozilla Firefox\\firefox.exe" "-marionette" "-foreground" "-no-remote" "-profile" "C:\\Users\\lucas\\AppData\\Local\\Temp\\rust_mozprofileHMxN1R"
JavaScript error: resource://gre/modules/XULStore.jsm, line 66: Error: Can't find profile directory.
1591904867083	Marionette	INFO	Listening on port 49711
1591904867345	Marionette	WARN	TLS certificate errors will be ignored for this session
1591904868459	Marionette	INFO	Stopped listening on port 49711
JavaScript error: , line 0: uncaught exception: 2147500036
JavaScript error: , line 0: uncaught exception: 2147500036
JavaScript error: , line 0: uncaught exception: 2147500036

###!!! [Child][RunMessage] Error: Channel closing: too late to send/recv, messages will be lost


###!!! [Child][MessageChannel::SendAndWait] Error: Channel error: cannot send/recv

1591904891311	mozrunner::runner	INFO	Running command: "C:\\Program Files\\Mozilla Firefox\\firefox.exe" "-marionette" "-foreground" "-no-remote" "-profile" "C:\\Users\\lucas\\AppData\\Local\\Temp\\rust_mozprofile9570u9"
JavaScript error: resource://gre/modules/XULStore.jsm, line 66: Error: Can't find profile directory.
1591904895074	Marionette	INFO	Listening on port 49751
1591904895464	Marionette	WARN	TLS certificate errors will be ignored for this session
1591904895512	Marionette	INFO	Stopped listening on port 49751
JavaScript error: resource://activity-stream/lib/ActivityStreamPrefs.jsm, line 27: NS_ERROR_ILLEGAL_VALUE: Component returned failure code: 0x80070057 (NS_ERROR_ILLEGAL_VALUE) [nsIPrefBranch.removeObserver]
JavaScript error: resource://gre/modules/Sqlite.jsm, line 921: Error: Connection is not open.
JavaScript error: resource://services-settings/IDBHelpers.jsm, line 24: Error: IndexedDB: main/sites-classification list() IndexedDB:  execute() The application is shutting down
JavaScript error: resource://gre/modules/Sqlite.jsm, line 921: Error: Connection is not open.

###!!! [Child][RunMessage] Error: Channel closing: too late to send/recv, messages will be lost


###!!! [Child][MessageChannel::SendAndWait] Error: Channel error: cannot send/recv

1591904923649	mozrunner::runner	INFO	Running command: "C:\\Program Files\\Mozilla Firefox\\firefox.exe" "-marionette" "-foreground" "-no-remote" "-profile" "C:\\Users\\lucas\\AppData\\Local\\Temp\\rust_mozprofilemSGPoK"
JavaScript error: resource://gre/modules/XULStore.jsm, line 66: Error: Can't find profile directory.
1591904927514	Marionette	INFO	Listening on port 49783
1591904927787	Marionette	WARN	TLS certificate errors will be ignored for this session
JavaScript error: resource://gre/modules/IndexedDB.jsm, line 370: UnknownError: IDBDatabase.transaction: Can't start IndexedDB transaction during shutdown
1591905111920	Marionette	INFO	Stopped listening on port 49783

###!!! [Child][RunMessage] Error: Channel closing: too late to send/recv, messages will be lost


###!!! [Child][MessageChannel::SendAndWait] Error: Channel error: cannot send/recv

LS certificate errors will be ignored for this session
1591904971109	Marionette	INFO	Stopped listening on port 49835
JavaScript error: resource://activity-stream/lib/ActivityStreamPrefs.jsm, line 27: NS_ERROR_ILLEGAL_VALUE: Component returned failure code: 0x80070057 (NS_ERROR_ILLEGAL_VALUE) [nsIPrefBranch.removeObserver]
JavaScript error: resource://services-settings/IDBHelpers.jsm, line 24: Error: IndexedDB: main/sites-classification list() IndexedDB:  execute() The application is shutting down
JavaScript error: resource://gre/modules/Sqlite.jsm, line 921: Error: Connection is not open.

###!!! [Child][RunMessage] Error: Channel closing: too late to send/recv, messages will be lost


###!!! [Child][MessageChannel::SendAndWait] Error: Channel error: cannot send/recv

1591905006558	mozrunner::runner	INFO	Running command: "C:\\Program Files\\Mozilla Firefox\\firefox.exe" "-marionette" "-foreground" "-no-remote" "-profile" "C:\\Users\\lucas\\AppData\\Local\\Temp\\rust_mozprofiledzzCoO"
JavaScript error: resource://gre/modules/XULStore.jsm, line 66: Error: Can't find profile directory.
1591905010543	Marionette	INFO	Listening on port 49877
1591905010700	Marionette	WARN	TLS certificate errors will be ignored for this session
1591905010770	Marionette	INFO	Stopped listening on port 49877
JavaScript error: resource://activity-stream/lib/ActivityStreamPrefs.jsm, line 27: NS_ERROR_ILLEGAL_VALUE: Component returned failure code: 0x80070057 (NS_ERROR_ILLEGAL_VALUE) [nsIPrefBranch.removeObserver]
JavaScript error: , line 0: uncaught exception: 2147500036
JavaScript error: , line 0: uncaught exception: 2147500036
console.log: "RemoteSettingsWorker error: Error: Can't import when we've started shutting down."
JavaScript error: , line 0: uncaught exception: 2147500036
JavaScript error: resource://gre/modules/ExtensionSettingsStore.jsm, line 123: Error: The ExtensionSettingsStore was accessed before the initialize promise resolved.
JavaScript error: resource://gre/modules/UpdateTimerManager.jsm, line 352: TypeError: setting getter-only property "gLogEnabled"
console.log: "RemoteSettingsWorker error: Error: Can't import when we've started shutting down."

###!!! [Child][RunMessage] Error: Channel closing: too late to send/recv, messages will be lost


###!!! [Child][MessageChannel::SendAndWait] Error: Channel error: cannot send/recv

1591905069021	mozrunner::runner	INFO	Running command: "C:\\Program Files\\Mozilla Firefox\\firefox.exe" "-marionette" "-foreground" "-no-remote" "-profile" "C:\\Users\\lucas\\AppData\\Local\\Temp\\rust_mozprofile40yuJq"
JavaScript error: resource://gre/modules/XULStore.jsm, line 66: Error: Can't find profile directory.
1591905073482	Marionette	INFO	Listening on port 49929
1591905073746	Marionette	WARN	TLS certificate errors will be ignored for this session
1591905087639	Marionette	INFO	Stopped listening on port 49929

###!!! [Child][RunMessage] Error: Channel closing: too late to send/recv, messages will be lost


###!!! [Child][MessageChannel::SendAndWait] Error: Channel error: cannot send/recv

1591905119661	mozrunner::runner	INFO	Running command: "C:\\Program Files\\Mozilla Firefox\\firefox.exe" "-marionette" "-foreground" "-no-remote" "-profile" "C:\\Users\\lucas\\AppData\\Local\\Temp\\rust_mozprofileBTBSYi"
JavaScript error: resource://gre/modules/XULStore.jsm, line 66: Error: Can't find profile directory.
1591905124263	Marionette	INFO	Listening on port 50014
1591905124392	Marionette	WARN	TLS certificate errors will be ignored for this session
1591905249434	Marionette	INFO	Stopped listening on port 50014

###!!! [Child][RunMessage] Error: Channel closing: too late to send/recv, messages will be lost


###!!! [Child][MessageChannel::SendAndWait] Error: Channel error: cannot send/recv

1591905330500	mozrunner::runner	INFO	Running command: "C:\\Program Files\\Mozilla Firefox\\firefox.exe" "-marionette" "-foreground" "-no-remote" "-profile" "C:\\Users\\lucas\\AppData\\Local\\Temp\\rust_mozprofileSC00y1"
JavaScript error: resource://gre/modules/XULStore.jsm, line 66: Error: Can't find profile directory.
1591905334649	Marionette	INFO	Listening on port 50129
1591905334744	Marionette	WARN	TLS certificate errors will be ignored for this session
1591905348630	Marionette	INFO	Stopped listening on port 50129

###!!! [Child][RunMessage] Error: Channel closing: too late to send/recv, messages will be lost


###!!! [Child][MessageChannel::SendAndWait] Error: Channel error: cannot send/recv

1591905381746	mozrunner::runner	INFO	Running command: "C:\\Program Files\\Mozilla Firefox\\firefox.exe" "-marionette" "-foreground" "-no-remote" "-profile" "C:\\Users\\lucas\\AppData\\Local\\Temp\\rust_mozprofilew583NO"
JavaScript error: resource://gre/modules/XULStore.jsm, line 66: Error: Can't find profile directory.
1591905386674	Marionette	INFO	Listening on port 50214
1591905386983	Marionette	WARN	TLS certificate errors will be ignored for this session
JavaScript error: resource://gre/modules/NetworkGeolocationProvider.jsm, line 555: TypeError: xhr.response.location is undefined
1591905411465	Marionette	INFO	Stopped listening on port 50214

###!!! [Child][RunMessage] Error: Channel closing: too late to send/recv, messages will be lost


###!!! [Child][MessageChannel::SendAndWait] Error: Channel error: cannot send/recv

1591905930538	mozrunner::runner	INFO	Running command: "C:\\Program Files\\Mozilla Firefox\\firefox.exe" "-marionette" "-foreground" "-no-remote" "-profile" "C:\\Users\\lucas\\AppData\\Local\\Temp\\rust_mozprofileDxuSt1"
JavaScript error: resource://gre/modules/XULStore.jsm, line 66: Error: Can't find profile directory.
1591905934945	Marionette	INFO	Listening on port 50501
1591905935272	Marionette	WARN	TLS certificate errors will be ignored for this session
1591906381928	Marionette	INFO	Stopped listening on port 50501

###!!! [Child][RunMessage] Error: Channel closing: too late to send/recv, messages will be lost


###!!! [Child][MessageChannel::SendAndWait] Error: Channel error: cannot send/recv

/modules/XULStore.jsm, line 66: Error: Can't find profile directory.
1591906044310	Marionette	INFO	Listening on port 50603
1591906044674	Marionette	WARN	TLS certificate errors will be ignored for this session
1591906383589	Marionette	INFO	Stopped listening on port 50603

###!!! [Child][RunMessage] Error: Channel closing: too late to send/recv, messages will be lost


###!!! [Child][MessageChannel::SendAndWait] Error: Channel error: cannot send/recv

/modules/XULStore.jsm, line 66: Error: Can't find profile directory.
1591906085782	Marionette	INFO	Listening on port 50705
1591906085942	Marionette	WARN	TLS certificate errors will be ignored for this session
1591906122065	Marionette	INFO	Stopped listening on port 50705
JavaScript error: resource://gre/modules/UrlClassifierListManager.jsm, line 691: TypeError: this.tablesData[table] is undefined

###!!! [Child][RunMessage] Error: Channel closing: too late to send/recv, messages will be lost


###!!! [Child][MessageChannel::SendAndWait] Error: Channel error: cannot send/recv

1591906177918	mozrunner::runner	INFO	Running command: "C:\\Program Files\\Mozilla Firefox\\firefox.exe" "-marionette" "-foreground" "-no-remote" "-profile" "C:\\Users\\lucas\\AppData\\Local\\Temp\\rust_mozprofilefqoS2s"
JavaScript error: resource://gre/modules/XULStore.jsm, line 66: Error: Can't find profile directory.
1591906185817	Marionette	INFO	Listening on port 50827
1591906186249	Marionette	WARN	TLS certificate errors will be ignored for this session
JavaScript error: resource://gre/modules/NetworkGeolocationProvider.jsm, line 555: TypeError: xhr.response.location is undefined
JavaScript error: resource://gre/modules/NetworkGeolocationProvider.jsm, line 555: TypeError: xhr.response.location is undefined
1591906281568	Marionette	INFO	Stopped listening on port 50827

###!!! [Child][RunMessage] Error: Channel closing: too late to send/recv, messages will be lost


###!!! [Child][MessageChannel::SendAndWait] Error: Channel error: cannot send/recv

1591906340953	mozrunner::runner	INFO	Running command: "C:\\Program Files\\Mozilla Firefox\\firefox.exe" "-marionette" "-foreground" "-no-remote" "-profile" "C:\\Users\\lucas\\AppData\\Local\\Temp\\rust_mozprofileWbxXfX"
JavaScript error: resource://gre/modules/XULStore.jsm, line 66: Error: Can't find profile directory.
1591906345171	Marionette	INFO	Listening on port 50976
1591906345190	Marionette	WARN	TLS certificate errors will be ignored for this session
1591906362802	Marionette	INFO	Stopped listening on port 50976

###!!! [Child][RunMessage] Error: Channel closing: too late to send/recv, messages will be lost


###!!! [Child][MessageChannel::SendAndWait] Error: Channel error: cannot send/recv

1591906428334	mozrunner::runner	INFO	Running command: "C:\\Program Files\\Mozilla Firefox\\firefox.exe" "-marionette" "-foreground" "-no-remote" "-profile" "C:\\Users\\lucas\\AppData\\Local\\Temp\\rust_mozprofileIZK1Eh"
JavaScript error: resource://gre/modules/XULStore.jsm, line 66: Error: Can't find profile directory.
1591906432766	Marionette	INFO	Listening on port 51072
[Parent 2944, Gecko_IOThread] WARNING: pipe error: 232: file /builds/worker/checkouts/gecko/ipc/chromium/src/chrome/common/ipc_channel_win.cc, line 522
1591906602076	Marionette	INFO	Stopped listening on port 51072

###!!! [Child][MessageChannel::SendAndWait] Error: Channel error: cannot send/recv

ofile directory.
1591906448612	Marionette	INFO	Listening on port 51108
1591906448642	Marionette	WARN	TLS certificate errors will be ignored for this session
1591906505514	Marionette	INFO	Stopped listening on port 51108

###!!! [Child][RunMessage] Error: Channel closing: too late to send/recv, messages will be lost


###!!! [Child][MessageChannel::SendAndWait] Error: Channel error: cannot send/recv

1591906934935	mozrunner::runner	INFO	Running command: "C:\\Program Files\\Mozilla Firefox\\firefox.exe" "-marionette" "-foreground" "-no-remote" "-profile" "C:\\Users\\lucas\\AppData\\Local\\Temp\\rust_mozprofilesduM8h"
JavaScript error: resource://gre/modules/XULStore.jsm, line 66: Error: Can't find profile directory.
1591906939539	Marionette	INFO	Listening on port 51499
1591906939672	Marionette	WARN	TLS certificate errors will be ignored for this session
IPDL protocol error: Handler returned error code!

###!!! [Parent][DispatchAsyncMessage] Error: PLayerTransaction::Msg_ReleaseLayer Processing error: message was deserialized, but the handler returned false (indicating failure)

1591908060942	Marionette	INFO	Stopped listening on port 51499

###!!! [Child][RunMessage] Error: Channel closing: too late to send/recv, messages will be lost


###!!! [Child][MessageChannel::SendAndWait] Error: Channel error: cannot send/recv

tte	INFO	Stopped listening on port 51617

###!!! [Child][RunMessage] Error: Channel closing: too late to send/recv, messages will be lost


###!!! [Child][MessageChannel::SendAndWait] Error: Channel error: cannot send/recv

/modules/XULStore.jsm, line 66: Error: Can't find profile directory.
1591907617782	Marionette	INFO	Listening on port 51980
1591907617856	Marionette	WARN	TLS certificate errors will be ignored for this session
1591907638921	Marionette	INFO	Stopped listening on port 51980

###!!! [Child][RunMessage] Error: Channel closing: too late to send/recv, messages will be lost


###!!! [Child][MessageChannel::SendAndWait] Error: Channel error: cannot send/recv

1591907741306	mozrunner::runner	INFO	Running command: "C:\\Program Files\\Mozilla Firefox\\firefox.exe" "-marionette" "-foreground" "-no-remote" "-profile" "C:\\Users\\lucas\\AppData\\Local\\Temp\\rust_mozprofilekHaOw2"
JavaScript error: resource://gre/modules/XULStore.jsm, line 66: Error: Can't find profile directory.
1591907750114	Marionette	INFO	Listening on port 52078
1591907750260	Marionette	WARN	TLS certificate errors will be ignored for this session
1591908059189	Marionette	INFO	Stopped listening on port 52078

###!!! [Child][RunMessage] Error: Channel closing: too late to send/recv, messages will be lost


###!!! [Child][MessageChannel::SendAndWait] Error: Channel error: cannot send/recv

/modules/XULStore.jsm, line 66: Error: Can't find profile directory.
1591907851583	Marionette	INFO	Listening on port 52175
1591907851855	Marionette	WARN	TLS certificate errors will be ignored for this session
1591907876475	Marionette	INFO	Stopped listening on port 52175

###!!! [Child][RunMessage] Error: Channel closing: too late to send/recv, messages will be lost


###!!! [Child][MessageChannel::SendAndWait] Error: Channel error: cannot send/recv

1591907992227	mozrunner::runner	INFO	Running command: "C:\\Program Files\\Mozilla Firefox\\firefox.exe" "-marionette" "-foreground" "-no-remote" "-profile" "C:\\Users\\lucas\\AppData\\Local\\Temp\\rust_mozprofileaWH1Fw"
JavaScript error: resource://gre/modules/XULStore.jsm, line 66: Error: Can't find profile directory.
1591908001972	Marionette	INFO	Listening on port 52280
1591908002170	Marionette	WARN	TLS certificate errors will be ignored for this session
1591908063369	Marionette	INFO	Stopped listening on port 52280

###!!! [Child][MessageChannel::SendAndWait] Error: Channel error: cannot send/recv

ile" "C:\\Users\\lucas\\AppData\\Local\\Temp\\rust_mozprofileMO4RCy"
JavaScript error: resource://gre/modules/XULStore.jsm, line 66: Error: Can't find profile directory.
1591908062214	Marionette	INFO	Listening on port 52394
1591908062513	Marionette	WARN	TLS certificate errors will be ignored for this session
1591908261753	Marionette	INFO	Stopped listening on port 52394

###!!! [Child][RunMessage] Error: Channel closing: too late to send/recv, messages will be lost


###!!! [Child][MessageChannel::SendAndWait] Error: Channel error: cannot send/recv

/modules/XULStore.jsm, line 66: Error: Can't find profile directory.
1591908181813	Marionette	INFO	Listening on port 52490
1591908183710	Marionette	WARN	TLS certificate errors will be ignored for this session
1591908211495	Marionette	INFO	Stopped listening on port 52490

###!!! [Child][RunMessage] Error: Channel closing: too late to send/recv, messages will be lost


###!!! [Child][MessageChannel::SendAndWait] Error: Channel error: cannot send/recv

1591908262780	mozrunner::runner	INFO	Running command: "C:\\Program Files\\Mozilla Firefox\\firefox.exe" "-marionette" "-foreground" "-no-remote" "-profile" "C:\\Users\\lucas\\AppData\\Local\\Temp\\rust_mozprofileU2x99a"
JavaScript error: resource://gre/modules/XULStore.jsm, line 66: Error: Can't find profile directory.
1591908267690	Marionette	INFO	Listening on port 52587
1591908268043	Marionette	WARN	TLS certificate errors will be ignored for this session
1591908297313	mozrunner::runner	INFO	Running command: "C:\\Program Files\\Mozilla Firefox\\firefox.exe" "-marionette" "-foreground" "-no-remote" "-profile" "C:\\Users\\lucas\\AppData\\Local\\Temp\\rust_mozprofileCYsLtP"
JavaScript error: resource://gre/modules/XULStore.jsm, line 66: Error: Can't find profile directory.
1591908301448	Marionette	INFO	Listening on port 52668
1591908301548	Marionette	WARN	TLS certificate errors will be ignored for this session
1591908316503	Marionette	INFO	Stopped listening on port 52668
JavaScript error: resource://gre/modules/UrlClassifierListManager.jsm, line 691: TypeError: this.tablesData[table] is undefined

###!!! [Child][RunMessage] Error: Channel closing: too late to send/recv, messages will be lost


###!!! [Child][MessageChannel::SendAndWait] Error: Channel error: cannot send/recv

1591908378695	mozrunner::runner	INFO	Running command: "C:\\Program Files\\Mozilla Firefox\\firefox.exe" "-marionette" "-foreground" "-no-remote" "-profile" "C:\\Users\\lucas\\AppData\\Local\\Temp\\rust_mozprofileXpe9lX"
JavaScript error: resource://gre/modules/XULStore.jsm, line 66: Error: Can't find profile directory.
1591908382600	Marionette	INFO	Listening on port 52766
1591908382851	Marionette	WARN	TLS certificate errors will be ignored for this session
1591908401735	Marionette	INFO	Stopped listening on port 52766

###!!! [Child][RunMessage] Error: Channel closing: too late to send/recv, messages will be lost


###!!! [Child][MessageChannel::SendAndWait] Error: Channel error: cannot send/recv

1591908474746	mozrunner::runner	INFO	Running command: "C:\\Program Files\\Mozilla Firefox\\firefox.exe" "-marionette" "-foreground" "-no-remote" "-profile" "C:\\Users\\lucas\\AppData\\Local\\Temp\\rust_mozprofilevVQQrQ"
JavaScript error: resource://gre/modules/XULStore.jsm, line 66: Error: Can't find profile directory.
1591908479005	Marionette	INFO	Listening on port 52869
1591908479476	Marionette	WARN	TLS certificate errors will be ignored for this session
1591908500927	Marionette	INFO	Stopped listening on port 52869

###!!! [Child][RunMessage] Error: Channel closing: too late to send/recv, messages will be lost


###!!! [Child][MessageChannel::SendAndWait] Error: Channel error: cannot send/recv

1591908568480	mozrunner::runner	INFO	Running command: "C:\\Program Files\\Mozilla Firefox\\firefox.exe" "-marionette" "-foreground" "-no-remote" "-profile" "C:\\Users\\lucas\\AppData\\Local\\Temp\\rust_mozprofileMq1HK9"
JavaScript error: resource://gre/modules/XULStore.jsm, line 66: Error: Can't find profile directory.
1591908572302	Marionette	INFO	Listening on port 52992
1591908572628	Marionette	WARN	TLS certificate errors will be ignored for this session
1591908591887	Marionette	INFO	Stopped listening on port 52992

###!!! [Child][RunMessage] Error: Channel closing: too late to send/recv, messages will be lost


###!!! [Child][MessageChannel::SendAndWait] Error: Channel error: cannot send/recv

1591908827827	mozrunner::runner	INFO	Running command: "C:\\Program Files\\Mozilla Firefox\\firefox.exe" "-marionette" "-foreground" "-no-remote" "-profile" "C:\\Users\\lucas\\AppData\\Local\\Temp\\rust_mozprofileBKqUNE"
JavaScript error: resource://gre/modules/XULStore.jsm, line 66: Error: Can't find profile directory.
1591908832021	Marionette	INFO	Listening on port 53127
1591908832073	Marionette	WARN	TLS certificate errors will be ignored for this session
1591909282345	Marionette	INFO	Stopped listening on port 53127

###!!! [Child][RunMessage] Error: Channel closing: too late to send/recv, messages will be lost


###!!! [Child][MessageChannel::SendAndWait] Error: Channel error: cannot send/recv

/modules/XULStore.jsm, line 66: Error: Can't find profile directory.
1591908894625	Marionette	INFO	Listening on port 53224
1591908894970	Marionette	WARN	TLS certificate errors will be ignored for this session
1591908910102	Marionette	INFO	Stopped listening on port 53224

###!!! [Child][RunMessage] Error: Channel closing: too late to send/recv, messages will be lost


###!!! [Child][MessageChannel::SendAndWait] Error: Channel error: cannot send/recv

1591908959575	mozrunner::runner	INFO	Running command: "C:\\Program Files\\Mozilla Firefox\\firefox.exe" "-marionette" "-foreground" "-no-remote" "-profile" "C:\\Users\\lucas\\AppData\\Local\\Temp\\rust_mozprofileOOb43s"
JavaScript error: resource://gre/modules/XULStore.jsm, line 66: Error: Can't find profile directory.
1591908964022	Marionette	INFO	Listening on port 53317
1591908964313	Marionette	WARN	TLS certificate errors will be ignored for this session
1591908988683	Marionette	INFO	Stopped listening on port 53317

###!!! [Child][RunMessage] Error: Channel closing: too late to send/recv, messages will be lost


###!!! [Child][MessageChannel::SendAndWait] Error: Channel error: cannot send/recv

1591909110797	mozrunner::runner	INFO	Running command: "C:\\Program Files\\Mozilla Firefox\\firefox.exe" "-marionette" "-foreground" "-no-remote" "-profile" "C:\\Users\\lucas\\AppData\\Local\\Temp\\rust_mozprofileCeGPA9"
JavaScript error: resource://gre/modules/XULStore.jsm, line 66: Error: Can't find profile directory.
1591909116588	Marionette	INFO	Listening on port 53433
1591909117033	Marionette	WARN	TLS certificate errors will be ignored for this session
JavaScript error: chrome://marionette/content/proxy.js, line 222: TypeError: this.browser.driver.dialogObserver is null
IPDL protocol error: Handler returned error code!

###!!! [Parent][DispatchAsyncMessage] Error: PLayerTransaction::Msg_ReleaseLayer Processing error: message was deserialized, but the handler returned false (indicating failure)

JavaScript error: chrome://marionette/content/proxy.js, line 222: TypeError: this.browser.driver.dialogObserver is null
1591909290436	Marionette	INFO	Stopped listening on port 53433

###!!! [Child][RunMessage] Error: Channel closing: too late to send/recv, messages will be lost


###!!! [Child][MessageChannel::SendAndWait] Error: Channel error: cannot send/recv

.cc, line 522
1591909170423	Marionette	INFO	Stopped listening on port 53543

###!!! [Child][RunMessage] Error: Channel closing: too late to send/recv, messages will be lost


###!!! [Child][MessageChannel::SendAndWait] Error: Channel error: cannot send/recv

1591909183494	mozrunner::runner	INFO	Running command: "C:\\Program Files\\Mozilla Firefox\\firefox.exe" "-marionette" "-foreground" "-no-remote" "-profile" "C:\\Users\\lucas\\AppData\\Local\\Temp\\rust_mozprofileNg1ZR0"
JavaScript error: resource://gre/modules/XULStore.jsm, line 66: Error: Can't find profile directory.
1591909187851	Marionette	INFO	Listening on port 53605
1591909188225	Marionette	WARN	TLS certificate errors will be ignored for this session
1591909205733	Marionette	INFO	Stopped listening on port 53605

###!!! [Child][RunMessage] Error: Channel closing: too late to send/recv, messages will be lost


###!!! [Child][MessageChannel::SendAndWait] Error: Channel error: cannot send/recv

1591909282791	mozrunner::runner	INFO	Running command: "C:\\Program Files\\Mozilla Firefox\\firefox.exe" "-marionette" "-foreground" "-no-remote" "-profile" "C:\\Users\\lucas\\AppData\\Local\\Temp\\rust_mozprofile8ORsBr"
JavaScript error: resource://gre/modules/XULStore.jsm, line 66: Error: Can't find profile directory.
1591909286923	Marionette	INFO	Listening on port 53697
1591909287046	Marionette	WARN	TLS certificate errors will be ignored for this session
1591909306757	Marionette	INFO	Stopped listening on port 53697
IPDL protocol error: Handler returned error code!

###!!! [Parent][DispatchAsyncMessage] Error: PLayerTransaction::Msg_ReleaseLayer Processing error: message was deserialized, but the handler returned false (indicating failure)


###!!! [Child][MessageChannel::SendAndWait] Error: Channel error: cannot send/recv

1591909492105	mozrunner::runner	INFO	Running command: "C:\\Program Files\\Mozilla Firefox\\firefox.exe" "-marionette" "-foreground" "-no-remote" "-profile" "C:\\Users\\lucas\\AppData\\Local\\Temp\\rust_mozprofilel37dz7"
JavaScript error: resource://gre/modules/XULStore.jsm, line 66: Error: Can't find profile directory.
1591909496400	Marionette	INFO	Listening on port 53816
1591909496841	Marionette	WARN	TLS certificate errors will be ignored for this session
JavaScript error: resource://gre/modules/NetworkGeolocationProvider.jsm, line 555: TypeError: xhr.response.location is undefined
1591909536625	Marionette	INFO	Stopped listening on port 53816

###!!! [Child][RunMessage] Error: Channel closing: too late to send/recv, messages will be lost


###!!! [Child][MessageChannel::SendAndWait] Error: Channel error: cannot send/recv

1591909659769	mozrunner::runner	INFO	Running command: "C:\\Program Files\\Mozilla Firefox\\firefox.exe" "-marionette" "-foreground" "-no-remote" "-profile" "C:\\Users\\lucas\\AppData\\Local\\Temp\\rust_mozprofileQhn7J3"
JavaScript error: resource://gre/modules/XULStore.jsm, line 66: Error: Can't find profile directory.
1591909663843	Marionette	INFO	Listening on port 53936
1591909663921	Marionette	WARN	TLS certificate errors will be ignored for this session
1591909696312	Marionette	INFO	Stopped listening on port 53936

###!!! [Child][RunMessage] Error: Channel closing: too late to send/recv, messages will be lost


###!!! [Child][MessageChannel::SendAndWait] Error: Channel error: cannot send/recv

1591909769799	mozrunner::runner	INFO	Running command: "C:\\Program Files\\Mozilla Firefox\\firefox.exe" "-marionette" "-foreground" "-no-remote" "-profile" "C:\\Users\\lucas\\AppData\\Local\\Temp\\rust_mozprofileBEOGZT"
JavaScript error: resource://gre/modules/XULStore.jsm, line 66: Error: Can't find profile directory.
1591909774162	Marionette	INFO	Listening on port 54041
1591909774529	Marionette	WARN	TLS certificate errors will be ignored for this session
JavaScript error: resource://gre/modules/NetworkGeolocationProvider.jsm, line 555: TypeError: xhr.response.location is undefined
1591910069907	Marionette	INFO	Stopped listening on port 54041

###!!! [Child][RunMessage] Error: Channel closing: too late to send/recv, messages will be lost


###!!! [Child][MessageChannel::SendAndWait] Error: Channel error: cannot send/recv

/modules/XULStore.jsm, line 66: Error: Can't find profile directory.
1591909865854	Marionette	INFO	Listening on port 54171
1591909866113	Marionette	WARN	TLS certificate errors will be ignored for this session
JavaScript error: resource://gre/modules/NetworkGeolocationProvider.jsm, line 555: TypeError: xhr.response.location is undefined
1591909882274	Marionette	INFO	Stopped listening on port 54171
JavaScript error: resource://gre/modules/UrlClassifierListManager.jsm, line 691: TypeError: this.tablesData[table] is undefined

###!!! [Child][RunMessage] Error: Channel closing: too late to send/recv, messages will be lost


###!!! [Child][MessageChannel::SendAndWait] Error: Channel error: cannot send/recv

1591909969420	mozrunner::runner	INFO	Running command: "C:\\Program Files\\Mozilla Firefox\\firefox.exe" "-marionette" "-foreground" "-no-remote" "-profile" "C:\\Users\\lucas\\AppData\\Local\\Temp\\rust_mozprofileFVSgWD"
JavaScript error: resource://gre/modules/XULStore.jsm, line 66: Error: Can't find profile directory.
1591909973686	Marionette	INFO	Listening on port 54279
1591909974166	Marionette	WARN	TLS certificate errors will be ignored for this session
JavaScript error: resource://gre/modules/NetworkGeolocationProvider.jsm, line 555: TypeError: xhr.response.location is undefined
1591910025623	Marionette	INFO	Stopped listening on port 54279

###!!! [Child][RunMessage] Error: Channel closing: too late to send/recv, messages will be lost


###!!! [Child][MessageChannel::SendAndWait] Error: Channel error: cannot send/recv

1591910078827	mozrunner::runner	INFO	Running command: "C:\\Program Files\\Mozilla Firefox\\firefox.exe" "-marionette" "-foreground" "-no-remote" "-profile" "C:\\Users\\lucas\\AppData\\Local\\Temp\\rust_mozprofilexFxaEu"
JavaScript error: resource://gre/modules/XULStore.jsm, line 66: Error: Can't find profile directory.
1591910083083	Marionette	INFO	Listening on port 54412
1591910083560	Marionette	WARN	TLS certificate errors will be ignored for this session
1591910115935	Marionette	INFO	Stopped listening on port 54412

###!!! [Child][RunMessage] Error: Channel closing: too late to send/recv, messages will be lost


###!!! [Child][MessageChannel::SendAndWait] Error: Channel error: cannot send/recv

1591910188852	mozrunner::runner	INFO	Running command: "C:\\Program Files\\Mozilla Firefox\\firefox.exe" "-marionette" "-foreground" "-no-remote" "-profile" "C:\\Users\\lucas\\AppData\\Local\\Temp\\rust_mozprofiledcU7EM"
JavaScript error: resource://gre/modules/XULStore.jsm, line 66: Error: Can't find profile directory.
1591910193061	Marionette	INFO	Listening on port 54533
1591910193087	Marionette	WARN	TLS certificate errors will be ignored for this session
JavaScript error: resource://gre/modules/NetworkGeolocationProvider.jsm, line 555: TypeError: xhr.response.location is undefined
JavaScript error: resource://gre/modules/NetworkGeolocationProvider.jsm, line 555: TypeError: xhr.response.location is undefined
1591910245690	Marionette	INFO	Stopped listening on port 54533

###!!! [Child][MessageChannel::SendAndWait] Error: Channel error: cannot send/recv

1591910894511	mozrunner::runner	INFO	Running command: "C:\\Program Files\\Mozilla Firefox\\firefox.exe" "-marionette" "-foreground" "-no-remote" "-profile" "C:\\Users\\lucas\\AppData\\Local\\Temp\\rust_mozprofile0NlACx"
JavaScript error: resource://gre/modules/XULStore.jsm, line 66: Error: Can't find profile directory.
1591910898895	Marionette	INFO	Listening on port 54942
1591910899249	Marionette	WARN	TLS certificate errors will be ignored for this session
IPDL protocol error: Handler returned error code!

###!!! [Parent][DispatchAsyncMessage] Error: PLayerTransaction::Msg_ReleaseLayer Processing error: message was deserialized, but the handler returned false (indicating failure)

JavaScript error: resource://gre/modules/IndexedDB.jsm, line 370: UnknownError: IDBDatabase.transaction: Can't start IndexedDB transaction during shutdown
1591911191518	Marionette	INFO	Stopped listening on port 54942

###!!! [Child][RunMessage] Error: Channel closing: too late to send/recv, messages will be lost


###!!! [Child][MessageChannel::SendAndWait] Error: Channel error: cannot send/recv

ld][MessageChannel::SendAndWait] Error: Channel error: cannot send/recv

1591912296693	mozrunner::runner	INFO	Running command: "C:\\Program Files\\Mozilla Firefox\\firefox.exe" "-marionette" "-foreground" "-no-remote" "-profile" "C:\\Users\\lucas\\AppData\\Local\\Temp\\rust_mozprofile3lTvcB"
JavaScript error: resource://gre/modules/XULStore.jsm, line 66: Error: Can't find profile directory.
1591912301607	Marionette	INFO	Listening on port 55905
1591912301924	Marionette	WARN	TLS certificate errors will be ignored for this session
1591912540645	Marionette	INFO	Stopped listening on port 55905
[Parent 16576, Gecko_IOThread] WARNING: file /builds/worker/checkouts/gecko/ipc/chromium/src/base/process_util_win.cc, line 166

###!!! [Child][RunMessage] Error: Channel closing: too late to send/recv, messages will be lost


###!!! [Child][MessageChannel::SendAndWait] Error: Channel error: cannot send/recv

1591913137903	mozrunner::runner	INFO	Running command: "C:\\Program Files\\Mozilla Firefox\\firefox.exe" "-marionette" "-foreground" "-no-remote" "-profile" "C:\\Users\\lucas\\AppData\\Local\\Temp\\rust_mozprofileU8Gp1s"
JavaScript error: resource://gre/modules/XULStore.jsm, line 66: Error: Can't find profile directory.
1591913147070	Marionette	INFO	Listening on port 56337
1591913147354	Marionette	WARN	TLS certificate errors will be ignored for this session
JavaScript error: resource://gre/modules/NetworkGeolocationProvider.jsm, line 555: TypeError: xhr.response.location is undefined
1591913245651	Marionette	INFO	Stopped listening on port 56337

###!!! [Child][RunMessage] Error: Channel closing: too late to send/recv, messages will be lost


###!!! [Child][MessageChannel::SendAndWait] Error: Channel error: cannot send/recv

1591913364458	mozrunner::runner	INFO	Running command: "C:\\Program Files\\Mozilla Firefox\\firefox.exe" "-marionette" "-foreground" "-no-remote" "-profile" "C:\\Users\\lucas\\AppData\\Local\\Temp\\rust_mozprofile2d7Qjg"
JavaScript error: resource://gre/modules/XULStore.jsm, line 66: Error: Can't find profile directory.
1591913368399	Marionette	INFO	Listening on port 56514
1591913379825	mozrunner::runner	INFO	Running command: "C:\\Program Files\\Mozilla Firefox\\firefox.exe" "-marionette" "-foregroundJavaScript error: resource://gre/modules/NetworkGeolocationProvider.jsm, line 555: TypeErrJavaScript error: resource://gre/modules1591913750900	Marionette	INFO	Stopped listening on port 56514

###!!! [Child][RunMessage] Error: Channel closing: too late to send/recv, messages will be lost


###!!! [Child][MessageChannel::SendAndWait] Error: Channel error: cannot send/recv

GeolocationProvider.jsm, line 555: TypeError: xhr.response.location is undefined
JavaScript error: resource://gre/modules/NetworkGeolocationProvider.jsm, line 555: TypeError: xhr.response.location is undefined
1591913523006	Marionette	INFO	Stopped listening on port 56559

###!!! [Child][RunMessage] Error: Channel closing: too late to send/recv, messages will be lost


###!!! [Child][MessageChannel::SendAndWait] Error: Channel error: cannot send/recv

1591918011136	mozrunner::runner	INFO	Running command: "C:\\Program Files\\Mozilla Firefox\\firefox.exe" "-marionette" "-foreground" "-no-remote" "-profile" "C:\\Users\\lucas\\AppData\\Local\\Temp\\rust_mozprofileE1Wvp1"
JavaScript error: resource://gre/modules/XULStore.jsm, line 66: Error: Can't find profile directory.
1591918039061	Marionette	INFO	Listening on port 49834
1591918039305	Marionette	WARN	TLS certificate errors will be ignored for this session
1591918049723	Marionette	INFO	Stopped listening on port 49834

###!!! [Child][RunMessage] Error: Channel closing: too late to send/recv, messages will be lost


###!!! [Child][MessageChannel::SendAndWait] Error: Channel error: cannot send/recv

1591918253839	mozrunner::runner	INFO	Running command: "C:\\Program Files\\Mozilla Firefox\\firefox.exe" "-marionette" "-foreground" "-no-remote" "-profile" "C:\\Users\\lucas\\AppData\\Local\\Temp\\rust_mozprofileWHd6sB"
JavaScript error: resource://gre/modules/XULStore.jsm, line 66: Error: Can't find profile directory.
1591918259286	Marionette	INFO	Listening on port 50087
1591918259675	Marionette	WARN	TLS certificate errors will be ignored for this session
1591918267202	Marionette	INFO	Stopped listening on port 50087
JavaScript error: resource://gre/modules/UrlClassifierListManager.jsm, line 691: TypeError: this.tablesData[table] is undefined

###!!! [Child][RunMessage] Error: Channel closing: too late to send/recv, messages will be lost


###!!! [Child][MessageChannel::SendAndWait] Error: Channel error: cannot send/recv

1591918731492	mozrunner::runner	INFO	Running command: "C:\\Program Files\\Mozilla Firefox\\firefox.exe" "-marionette" "-foreground" "-no-remote" "-profile" "C:\\Users\\lucas\\AppData\\Local\\Temp\\rust_mozprofileVndO6w"
JavaScript error: resource://gre/modules/XULStore.jsm, line 66: Error: Can't find profile directory.
1591918736216	Marionette	INFO	Listening on port 50514
1591918736292	Marionette	WARN	TLS certificate errors will be ignored for this session
1591918746803	Marionette	INFO	Stopped listening on port 50514

###!!! [Child][RunMessage] Error: Channel closing: too late to send/recv, messages will be lost


###!!! [Child][MessageChannel::SendAndWait] Error: Channel error: cannot send/recv

1591918809864	mozrunner::runner	INFO	Running command: "C:\\Program Files\\Mozilla Firefox\\firefox.exe" "-marionette" "-foreground" "-no-remote" "-profile" "C:\\Users\\lucas\\AppData\\Local\\Temp\\rust_mozprofileqogrTK"
JavaScript error: resource://gre/modules/XULStore.jsm, line 66: Error: Can't find profile directory.
1591918820274	Marionette	INFO	Listening on port 50618
1591918820430	Marionette	WARN	TLS certificate errors will be ignored for this session
console.error: "Store does not have a valid reducer. Make sure the argument passed to combineReducers is an object whose values are reducers."
SourceActor threw an exception: [Exception... "Component returned failure code: 0x80470002 (NS_BASE_STREAM_CLOSED) [nsIInputStream.available]"  nsresult: "0x80470002 (NS_BASE_STREAM_CLOSED)"  location: "JS frame :: resource://devtools/shared/DevToolsUtils.js :: onResponse :: line 558"  data: no]
Stack: onResponse@resource://devtools/shared/DevToolsUtils.js:558:34
onStopRequest@resource://gre/modules/NetUtil.jsm:128:18
Line: 558, column: 0
console.error: ({})
JavaScript error: resource://devtools/shared/DevToolsUtils.js, line 558: NS_BASE_STREAM_CLOSED: Component returned failure code: 0x80470002 (NS_BASE_STREAM_CLOSED) [nsIInputStream.available]
console.error: "Store does not have a valid reducer. Make sure the argument passed to combineReducers is an object whose values are reducers."
JavaScript error: resource://gre/actors/AutoCompleteChild.jsm, line 196: Error: Invalid autocomplete selectedIndex
JavaScript error: resource://gre/actors/AutoCompleteChild.jsm, line 196: Error: Invalid autocomplete selectedIndex
JavaScript error: resource://gre/modules/LoginManagerChild.jsm, line 174: NS_ERROR_XPC_JAVASCRIPT_ERROR_WITH_DETAILS: [JavaScript Error: "Invalid autocomplete selectedIndex" {file: "resource://gre/actors/AutoCompleteChild.jsm" line: 196}]'[JavaScript Error: "Invalid autocomplete selectedIndex" {file: "resource://gre/actors/AutoCompleteChild.jsm" line: 196}]' when calling method: [nsIAutoCompletePopup::selectedIndex]
console.error: "Error while calling actor 'layout's method 'getGrids'" "node is null"
console.error: "getGrids@resource://devtools/server/actors/layout.js:502:26\ngetGrids@resource://devtools/server/actors/layout.js:507:43\nhandler@resource://devtools/shared/protocol/Actor.js:154:37\nonPacket@resource://devtools/server/devtools-server-connection.js:380:58\nreceiveMessage@resource://devtools/shared/transport/child-transport.js:66:16\n"
A content process crashed and MOZ_CRASHREPORTER_SHUTDOWN is set, shutting down
A content process crashed and MOZ_CRASHREPORTER_SHUTDOWN is set, shutting down
A content process crashed and MOZ_CRASHREPORTER_SHUTDOWN is set, shutting down
A content process crashed and MOZ_CRASHREPORTER_SHUTDOWN is set, shutting down
console.error: (new Error("SessionFile is closed", "resource:///modules/sessionstore/SessionFile.jsm", 433))
1591920437601	Marionette	INFO	Stopped listening on port 50618

###!!! [Child][MessageChannel::SendAndWait] Error: Channel error: cannot send/recv

 Files\\Mozilla Firefox\\firefox.exe" "-marionette" "-headless" "-foreground" "-no-remote" "-profile" "C:\\Users\\lucas\\AppData\\Local\\Temp\\rust_mozprofileARQrRd"
*** You are running in headless mode.
JavaScript error: resource://gre/modules/XULStore.jsm, line 66: Error: Can't find profile directory.
1591919976405	Marionette	INFO	Listening on port 51685
1591919977088	Marionette	WARN	TLS certificate errors will be ignored for this session
1591920023251	mozrunner::runner	INFO	Running command: "C:\\Program Files\\Mozilla Firefox\\firefox.exe" "-marionette" "-headless" "-foreground" "-no-remote" "-profile" "C:\\Users\\lucas\\AppData\\Local\\Temp\\rust_mozprofileWxhLrx"
*** You are running in headless mode.
JavaScript error: resource://gre/modules/XULStore.jsm, line 66: Error: Can't find profile directory.
1591920033535	Marionette	INFO	Listening on port 51773
1591920034098	Marionette	WARN	TLS certificate errors will be ignored for this session
1591920270645	mozrunner::runner	INFO	Running command: "C:\\Program Files\\Mozilla Firefox\\firefox.exe" "-marionette" "-headless" "-foreground" "-no-remote" "-profile" "C:\\Users\\lucas\\AppData\\Local\\Temp\\rust_mozprofileDA042m"
*** You are running in headless mode.
JavaScript error: resource://gre/modules/XULStore.jsm, line 66: Error: Can't find profile directory.
[Parent 15876, Gecko_IOThread] WARNING: file /builds/worker/checkouts/gecko/ipc/chromium/src/base/process_util_win.cc, line 166
1591920280363	Marionette	INFO	Listening on port 51902
1591920280910	Marionette	WARN	TLS certificate errors will be ignored for this session
1591920320480	mozrunner::runner	INFO	Running command: "C:\\Program Files\\Mozilla Firefox\\firefox.exe" "-marionette" "-headless" "-foreground" "-no-remote" "-profile" "C:\\Users\\lucas\\AppData\\Local\\Temp\\rust_mozprofileICVQU3"
*** You are running in headless mode.
JavaScript error: resource://gre/modules/XULStore.jsm, line 66: Error: Can't find profile directory.
1591920333014	Marionette	INFO	Listening on port 51991
1591920333333	Marionette	WARN	TLS certificate errors will be ignored for this session
1591920376787	mozrunner::runner	INFO	Running command: "C:\\Program Files\\Mozilla Firefox\\firefox.exe" "-marionette" "-headless" "-foreground" "-no-remote" "-profile" "C:\\Users\\lucas\\AppData\\Local\\Temp\\rust_mozprofileEUmSoV"
*** You are running in headless mode.
JavaScript error: resource://gre/modules/XULStore.jsm, line 66: Error: Can't find profile directory.
1591920396154	Marionette	INFO	Listening on port 52147
1591920396762	Marionette	WARN	TLS certificate errors will be ignored for this session
1591920411692	Marionette	INFO	Stopped listening on port 52147
JavaScript error: resource://gre/modules/UrlClassifierListManager.jsm, line 691: TypeError: this.tablesData[table] is undefined
console.error: (new Error("SessionFile is closed", "resource:///modules/sessionstore/SessionFile.jsm", 433))
1591920613573	mozrunner::runner	INFO	Running command: "C:\\Program Files\\Mozilla Firefox\\firefox.exe" "-marionette" "-headless" "-foreground" "-no-remote" "-profile" "C:\\Users\\lucas\\AppData\\Local\\Temp\\rust_mozprofileVjSVAI"
*** You are running in headless mode.
JavaScript error: resource://gre/modules/XULStore.jsm, line 66: Error: Can't find profile directory.
1591920622180	Marionette	INFO	Listening on port 52306
1591920622642	Marionette	WARN	TLS certificate errors will be ignored for this session
1591920630640	Marionette	INFO	Stopped listening on port 52306
JavaScript error: resource://gre/modules/UrlClassifierListManager.jsm, line 691: TypeError: this.tablesData[table] is undefined
1591920955229	mozrunner::runner	INFO	Running command: "C:\\Program Files\\Mozilla Firefox\\firefox.exe" "-marionette" "-headless" "-foreground" "-no-remote" "-profile" "C:\\Users\\lucas\\AppData\\Local\\Temp\\rust_mozprofile4Vl3Ld"
*** You are running in headless mode.
JavaScript error: resource://gre/modules/XULStore.jsm, line 66: Error: Can't find profile directory.
1591920959343	Marionette	INFO	Listening on port 52447
1591920959437	Marionette	WARN	TLS certificate errors will be ignored for this session
1591920966348	Marionette	INFO	Stopped listening on port 52447
JavaScript error: resource://gre/modules/UrlClassifierListManager.jsm, line 691: TypeError: this.tablesData[table] is undefined
